0 info it worked if it ends with ok
1 verbose cli [ 'C:\\Program Files\\nodejs\\\\node.exe',
1 verbose cli   'C:\\Program Files\\nodejs\\node_modules\\npm\\bin\\npm-cli.js',
1 verbose cli   'install',
1 verbose cli   './package.json' ]
2 info using npm@2.11.3
3 info using node@v0.12.7
4 verbose install initial load of d:\_dev\_openshift\nodejstest\package.json
5 verbose installManyTop reading scoped package data from d:\_dev\_openshift\nodejstest\node_modules\body-parser\package.json
6 verbose installManyTop reading scoped package data from d:\_dev\_openshift\nodejstest\node_modules\cookie-parser\package.json
7 verbose installManyTop reading scoped package data from d:\_dev\_openshift\nodejstest\node_modules\debug\package.json
8 verbose installManyTop reading scoped package data from d:\_dev\_openshift\nodejstest\node_modules\express\package.json
9 verbose installManyTop reading scoped package data from d:\_dev\_openshift\nodejstest\node_modules\firebase\package.json
10 verbose installManyTop reading scoped package data from d:\_dev\_openshift\nodejstest\node_modules\firebase-queue\package.json
11 verbose installManyTop reading scoped package data from d:\_dev\_openshift\nodejstest\node_modules\morgan\package.json
12 verbose installManyTop reading scoped package data from d:\_dev\_openshift\nodejstest\node_modules\passport\package.json
13 verbose installManyTop reading scoped package data from d:\_dev\_openshift\nodejstest\node_modules\passport-google-oauth\package.json
14 verbose installManyTop reading scoped package data from d:\_dev\_openshift\nodejstest\node_modules\serve-favicon\package.json
15 info package.json firebase@2.4.2 No license field.
16 verbose readDependencies loading dependencies from d:\_dev\_openshift\nodejstest\package.json
17 silly cache add args [ './package.json', null ]
18 verbose cache add spec ./package.json
19 silly cache add parsed spec { raw: './package.json',
19 silly cache add   scope: null,
19 silly cache add   name: null,
19 silly cache add   rawSpec: './package.json',
19 silly cache add   spec: 'd:\\_dev\\_openshift\\nodejstest\\package.json',
19 silly cache add   type: 'local' }
20 silly addLocalTarball shasum (computed) e3129138803b7e4be824faa016b21f64d44dee75
21 verbose addTmpTarball d:\_dev\_openshift\nodejstest\package.json not in flight; adding
22 verbose addTmpTarball validating metadata from d:\_dev\_openshift\nodejstest\package.json
23 verbose tar unpack d:\_dev\_openshift\nodejstest\package.json
24 verbose tar unpacking to C:\Users\gbrj\AppData\Local\Temp\npm-5148-db279d6f\unpack-f9fd26259eba
25 silly gentlyRm C:\Users\gbrj\AppData\Local\Temp\npm-5148-db279d6f\unpack-f9fd26259eba is being purged
26 verbose gentlyRm don't care about contents; nuking C:\Users\gbrj\AppData\Local\Temp\npm-5148-db279d6f\unpack-f9fd26259eba
27 silly gunzTarPerm modes [ '777', '666' ]
28 error not a package d:\_dev\_openshift\nodejstest\package.json
29 error addLocal Could not install d:\_dev\_openshift\nodejstest\package.json
30 verbose stack Error: ENOENT, open 'C:\Users\gbrj\AppData\Local\Temp\npm-5148-db279d6f\unpack-f9fd26259eba\package.json'
30 verbose stack     at Error (native)
31 verbose cwd d:\_dev\_openshift\nodejstest
32 error Windows_NT 6.1.7601
33 error argv "C:\\Program Files\\nodejs\\\\node.exe" "C:\\Program Files\\nodejs\\node_modules\\npm\\bin\\npm-cli.js" "install" "./package.json"
34 error node v0.12.7
35 error npm  v2.11.3
36 error path C:\Users\gbrj\AppData\Local\Temp\npm-5148-db279d6f\unpack-f9fd26259eba\package.json
37 error code ENOENT
38 error errno -4058
39 error enoent ENOENT, open 'C:\Users\gbrj\AppData\Local\Temp\npm-5148-db279d6f\unpack-f9fd26259eba\package.json'
39 error enoent This is most likely not a problem with npm itself
39 error enoent and is related to npm not being able to find a file.
40 verbose exit [ -4058, true ]
